[31m[Nest] 77768  - [39m2026/06/05 18:37:16 [31m  ERROR[39m [38;5;3m[TypeOrmModule] [39m[31mUnable to connect to the database. Retrying (1)...[39m
Error: Too many connections
    at Packet.asError (C:\Users\99tan\openoba\repos\openoba-starter\node_modules\mysql2\lib\packets\packet.js:788:17)
    at ClientHandshake.execute (C:\Users\99tan\openoba\repos\openoba-starter\node_modules\mysql2\lib\commands\command.js:29:26)
    at PoolConnection.handlePacket (C:\Users\99tan\openoba\repos\openoba-starter\node_modules\mysql2\lib\base\connection.js:552:34)
    at PacketParser.onPacket (C:\Users\99tan\openoba\repos\openoba-starter\node_modules\mysql2\lib\base\connection.js:102:12)
    at PacketParser.executeStart (C:\Users\99tan\openoba\repos\openoba-starter\node_modules\mysql2\lib\packet_parser.js:75:16)
    at Socket.<anonymous> (C:\Users\99tan\openoba\repos\openoba-starter\node_modules\mysql2\lib\base\connection.js:109:25)
    at Socket.emit (node:events:519:28)
    at addChunk (node:internal/streams/readable:561:12)
    at readableAddChunkPushByteMode (node:internal/streams/readable:512:3)
    at Readable.push (node:internal/streams/readable:392:5)
[31m[Nest] 77768  - [39m2026/06/05 18:37:19 [31m  ERROR[39m [38;5;3m[TypeOrmModule] [39m[31mUnable to connect to the database. Retrying (2)...[39m
Error: Too many connections
    at Packet.asError (C:\Users\99tan\openoba\repos\openoba-starter\node_modules\mysql2\lib\packets\packet.js:788:17)
    at ClientHandshake.execute (C:\Users\99tan\openoba\repos\openoba-starter\node_modules\mysql2\lib\commands\command.js:29:26)
    at PoolConnection.handlePacket (C:\Users\99tan\openoba\repos\openoba-starter\node_modules\mysql2\lib\base\connection.js:552:34)
    at PacketParser.onPacket (C:\Users\99tan\openoba\repos\openoba-starter\node_modules\mysql2\lib\base\connection.js:102:12)
    at PacketParser.executeStart (C:\Users\99tan\openoba\repos\openoba-starter\node_modules\mysql2\lib\packet_parser.js:75:16)
    at Socket.<anonymous> (C:\Users\99tan\openoba\repos\openoba-starter\node_modules\mysql2\lib\base\connection.js:109:25)
    at Socket.emit (node:events:519:28)
    at addChunk (node:internal/streams/readable:561:12)
    at readableAddChunkPushByteMode (node:internal/streams/readable:512:3)
    at Readable.push (node:internal/streams/readable:392:5)
[31m[Nest] 77768  - [39m2026/06/05 18:37:22 [31m  ERROR[39m [38;5;3m[TypeOrmModule] [39m[31mUnable to connect to the database. Retrying (3)...[39m
Error: Too many connections
    at Packet.asError (C:\Users\99tan\openoba\repos\openoba-starter\node_modules\mysql2\lib\packets\packet.js:788:17)
    at ClientHandshake.execute (C:\Users\99tan\openoba\repos\openoba-starter\node_modules\mysql2\lib\commands\command.js:29:26)
    at PoolConnection.handlePacket (C:\Users\99tan\openoba\repos\openoba-starter\node_modules\mysql2\lib\base\connection.js:552:34)
    at PacketParser.onPacket (C:\Users\99tan\openoba\repos\openoba-starter\node_modules\mysql2\lib\base\connection.js:102:12)
    at PacketParser.executeStart (C:\Users\99tan\openoba\repos\openoba-starter\node_modules\mysql2\lib\packet_parser.js:75:16)
    at Socket.<anonymous> (C:\Users\99tan\openoba\repos\openoba-starter\node_modules\mysql2\lib\base\connection.js:109:25)
    at Socket.emit (node:events:519:28)
    at addChunk (node:internal/streams/readable:561:12)
    at readableAddChunkPushByteMode (node:internal/streams/readable:512:3)
    at Readable.push (node:internal/streams/readable:392:5)
[31m[Nest] 77768  - [39m2026/06/05 18:37:26 [31m  ERROR[39m [38;5;3m[TypeOrmModule] [39m[31mUnable to connect to the database. Retrying (4)...[39m
Error: Too many connections
    at Packet.asError (C:\Users\99tan\openoba\repos\openoba-starter\node_modules\mysql2\lib\packets\packet.js:788:17)
    at ClientHandshake.execute (C:\Users\99tan\openoba\repos\openoba-starter\node_modules\mysql2\lib\commands\command.js:29:26)
    at PoolConnection.handlePacket (C:\Users\99tan\openoba\repos\openoba-starter\node_modules\mysql2\lib\base\connection.js:552:34)
    at PacketParser.onPacket (C:\Users\99tan\openoba\repos\openoba-starter\node_modules\mysql2\lib\base\connection.js:102:12)
    at PacketParser.executeStart (C:\Users\99tan\openoba\repos\openoba-starter\node_modules\mysql2\lib\packet_parser.js:75:16)
    at Socket.<anonymous> (C:\Users\99tan\openoba\repos\openoba-starter\node_modules\mysql2\lib\base\connection.js:109:25)
    at Socket.emit (node:events:519:28)
    at addChunk (node:internal/streams/readable:561:12)
    at readableAddChunkPushByteMode (node:internal/streams/readable:512:3)
    at Readable.push (node:internal/streams/readable:392:5)
[31m[Nest] 77768  - [39m2026/06/05 18:37:29 [31m  ERROR[39m [38;5;3m[TypeOrmModule] [39m[31mUnable to connect to the database. Retrying (5)...[39m
Error: Too many connections
    at Packet.asError (C:\Users\99tan\openoba\repos\openoba-starter\node_modules\mysql2\lib\packets\packet.js:788:17)
    at ClientHandshake.execute (C:\Users\99tan\openoba\repos\openoba-starter\node_modules\mysql2\lib\commands\command.js:29:26)
    at PoolConnection.handlePacket (C:\Users\99tan\openoba\repos\openoba-starter\node_modules\mysql2\lib\base\connection.js:552:34)
    at PacketParser.onPacket (C:\Users\99tan\openoba\repos\openoba-starter\node_modules\mysql2\lib\base\connection.js:102:12)
    at PacketParser.executeStart (C:\Users\99tan\openoba\repos\openoba-starter\node_modules\mysql2\lib\packet_parser.js:75:16)
    at Socket.<anonymous> (C:\Users\99tan\openoba\repos\openoba-starter\node_modules\mysql2\lib\base\connection.js:109:25)
    at Socket.emit (node:events:519:28)
    at addChunk (node:internal/streams/readable:561:12)
    at readableAddChunkPushByteMode (node:internal/streams/readable:512:3)
    at Readable.push (node:internal/streams/readable:392:5)
[31m[Nest] 77768  - [39m2026/06/05 18:37:32 [31m  ERROR[39m [38;5;3m[TypeOrmModule] [39m[31mUnable to connect to the database. Retrying (6)...[39m
Error: Too many connections
    at Packet.asError (C:\Users\99tan\openoba\repos\openoba-starter\node_modules\mysql2\lib\packets\packet.js:788:17)
    at ClientHandshake.execute (C:\Users\99tan\openoba\repos\openoba-starter\node_modules\mysql2\lib\commands\command.js:29:26)
    at PoolConnection.handlePacket (C:\Users\99tan\openoba\repos\openoba-starter\node_modules\mysql2\lib\base\connection.js:552:34)
    at PacketParser.onPacket (C:\Users\99tan\openoba\repos\openoba-starter\node_modules\mysql2\lib\base\connection.js:102:12)
    at PacketParser.executeStart (C:\Users\99tan\openoba\repos\openoba-starter\node_modules\mysql2\lib\packet_parser.js:75:16)
    at Socket.<anonymous> (C:\Users\99tan\openoba\repos\openoba-starter\node_modules\mysql2\lib\base\connection.js:109:25)
    at Socket.emit (node:events:519:28)
    at addChunk (node:internal/streams/readable:561:12)
    at readableAddChunkPushByteMode (node:internal/streams/readable:512:3)
    at Readable.push (node:internal/streams/readable:392:5)
[31m[Nest] 77768  - [39m2026/06/05 18:37:35 [31m  ERROR[39m [38;5;3m[TypeOrmModule] [39m[31mUnable to connect to the database. Retrying (7)...[39m
Error: Too many connections
    at Packet.asError (C:\Users\99tan\openoba\repos\openoba-starter\node_modules\mysql2\lib\packets\packet.js:788:17)
    at ClientHandshake.execute (C:\Users\99tan\openoba\repos\openoba-starter\node_modules\mysql2\lib\commands\command.js:29:26)
    at PoolConnection.handlePacket (C:\Users\99tan\openoba\repos\openoba-starter\node_modules\mysql2\lib\base\connection.js:552:34)
    at PacketParser.onPacket (C:\Users\99tan\openoba\repos\openoba-starter\node_modules\mysql2\lib\base\connection.js:102:12)
    at PacketParser.executeStart (C:\Users\99tan\openoba\repos\openoba-starter\node_modules\mysql2\lib\packet_parser.js:75:16)
    at Socket.<anonymous> (C:\Users\99tan\openoba\repos\openoba-starter\node_modules\mysql2\lib\base\connection.js:109:25)
    at Socket.emit (node:events:519:28)
    at addChunk (node:internal/streams/readable:561:12)
    at readableAddChunkPushByteMode (node:internal/streams/readable:512:3)
    at Readable.push (node:internal/streams/readable:392:5)
[31m[Nest] 77768  - [39m2026/06/05 18:37:38 [31m  ERROR[39m [38;5;3m[TypeOrmModule] [39m[31mUnable to connect to the database. Retrying (8)...[39m
Error: Too many connections
    at Packet.asError (C:\Users\99tan\openoba\repos\openoba-starter\node_modules\mysql2\lib\packets\packet.js:788:17)
    at ClientHandshake.execute (C:\Users\99tan\openoba\repos\openoba-starter\node_modules\mysql2\lib\commands\command.js:29:26)
    at PoolConnection.handlePacket (C:\Users\99tan\openoba\repos\openoba-starter\node_modules\mysql2\lib\base\connection.js:552:34)
    at PacketParser.onPacket (C:\Users\99tan\openoba\repos\openoba-starter\node_modules\mysql2\lib\base\connection.js:102:12)
    at PacketParser.executeStart (C:\Users\99tan\openoba\repos\openoba-starter\node_modules\mysql2\lib\packet_parser.js:75:16)
    at Socket.<anonymous> (C:\Users\99tan\openoba\repos\openoba-starter\node_modules\mysql2\lib\base\connection.js:109:25)
    at Socket.emit (node:events:519:28)
    at addChunk (node:internal/streams/readable:561:12)
    at readableAddChunkPushByteMode (node:internal/streams/readable:512:3)
    at Readable.push (node:internal/streams/readable:392:5)
[31m[Nest] 77768  - [39m2026/06/05 18:37:41 [31m  ERROR[39m [38;5;3m[TypeOrmModule] [39m[31mUnable to connect to the database. Retrying (9)...[39m
Error: Too many connections
    at Packet.asError (C:\Users\99tan\openoba\repos\openoba-starter\node_modules\mysql2\lib\packets\packet.js:788:17)
    at ClientHandshake.execute (C:\Users\99tan\openoba\repos\openoba-starter\node_modules\mysql2\lib\commands\command.js:29:26)
    at PoolConnection.handlePacket (C:\Users\99tan\openoba\repos\openoba-starter\node_modules\mysql2\lib\base\connection.js:552:34)
    at PacketParser.onPacket (C:\Users\99tan\openoba\repos\openoba-starter\node_modules\mysql2\lib\base\connection.js:102:12)
    at PacketParser.executeStart (C:\Users\99tan\openoba\repos\openoba-starter\node_modules\mysql2\lib\packet_parser.js:75:16)
    at Socket.<anonymous> (C:\Users\99tan\openoba\repos\openoba-starter\node_modules\mysql2\lib\base\connection.js:109:25)
    at Socket.emit (node:events:519:28)
    at addChunk (node:internal/streams/readable:561:12)
    at readableAddChunkPushByteMode (node:internal/streams/readable:512:3)
    at Readable.push (node:internal/streams/readable:392:5)
[31m[Nest] 77768  - [39m2026/06/05 18:37:41 [31m  ERROR[39m [38;5;3m[ExceptionHandler] [39m[31mToo many connections[39m
Error: Too many connections
    at Packet.asError (C:\Users\99tan\openoba\repos\openoba-starter\node_modules\mysql2\lib\packets\packet.js:788:17)
    at ClientHandshake.execute (C:\Users\99tan\openoba\repos\openoba-starter\node_modules\mysql2\lib\commands\command.js:29:26)
    at PoolConnection.handlePacket (C:\Users\99tan\openoba\repos\openoba-starter\node_modules\mysql2\lib\base\connection.js:552:34)
    at PacketParser.onPacket (C:\Users\99tan\openoba\repos\openoba-starter\node_modules\mysql2\lib\base\connection.js:102:12)
    at PacketParser.executeStart (C:\Users\99tan\openoba\repos\openoba-starter\node_modules\mysql2\lib\packet_parser.js:75:16)
    at Socket.<anonymous> (C:\Users\99tan\openoba\repos\openoba-starter\node_modules\mysql2\lib\base\connection.js:109:25)
    at Socket.emit (node:events:519:28)
    at addChunk (node:internal/streams/readable:561:12)
    at readableAddChunkPushByteMode (node:internal/streams/readable:512:3)
    at Readable.push (node:internal/streams/readable:392:5)
